# JRE version: Java(TM) SE Runtime Environment (8.0_211-b12) (build 1.8.0_211-b12)
# Java VM: Java HotSpot(TM) 64-Bit Server VM (25.211-b12 mixed mode windows-amd64 compressed oops)
Heap:
 PSYoungGen      total 941056K, used 691599K [0x0000000780000000, 0x00000007c0000000, 0x00000007c0000000)
  eden space 834560K, 74% used [0x0000000780000000,0x00000007a5edb630,0x00000007b2f00000)
  from space 106496K, 65% used [0x00000007b9800000,0x00000007bdc88958,0x00000007c0000000)
  to   space 107008K, 0% used [0x00000007b2f00000,0x00000007b2f00000,0x00000007b9780000)
 ParOldGen       total 2097152K, used 162884K [0x0000000700000000, 0x0000000780000000, 0x0000000780000000)
  object space 2097152K, 7% used [0x0000000700000000,0x0000000709f111c8,0x0000000780000000)
 Metaspace       used 60202K, capacity 65894K, committed 66048K, reserved 1105920K
  class space    used 8565K, capacity 9892K, committed 9984K, reserved 1048576K
GC Heap History (10 events):
Event: 161.585 GC heap before
{Heap before GC invocations=39 (full 3):
 PSYoungGen      total 922112K, used 921999K [0x0000000780000000, 0x00000007c0000000, 0x00000007c0000000)
  eden space 854016K, 100% used [0x0000000780000000,0x00000007b4200000,0x00000007b4200000)
  from space 68096K, 99% used [0x00000007b4200000,0x00000007b8463dd8,0x00000007b8480000)
  to   space 100352K, 0% used [0x00000007b9e00000,0x00000007b9e00000,0x00000007c0000000)
 ParOldGen       total 2097152K, used 162860K [0x0000000700000000, 0x0000000780000000, 0x0000000780000000)
  object space 2097152K, 7% used [0x0000000700000000,0x0000000709f0b1c8,0x0000000780000000)
 Metaspace       used 59978K, capacity 65584K, committed 65792K, reserved 1105920K
  class space    used 8553K, capacity 9887K, committed 9984K, reserved 1048576K
Event: 161.618 GC heap after
Heap after GC invocations=39 (full 3):
 PSYoungGen      total 944128K, used 67871K [0x0000000780000000, 0x00000007c0000000, 0x00000007c0000000)
  eden space 843776K, 0% used [0x0000000780000000,0x0000000780000000,0x00000007b3800000)
  from space 100352K, 67% used [0x00000007b9e00000,0x00000007be047e40,0x00000007c0000000)
  to   space 102400K, 0% used [0x00000007b3800000,0x00000007b3800000,0x00000007b9c00000)
 ParOldGen       total 2097152K, used 162868K [0x0000000700000000, 0x0000000780000000, 0x0000000780000000)
  object space 2097152K, 7% used [0x0000000700000000,0x0000000709f0d1c8,0x0000000780000000)
 Metaspace       used 59978K, capacity 65584K, committed 65792K, reserved 1105920K
  class space    used 8553K, capacity 9887K, committed 9984K, reserved 1048576K
}
Event: 169.321 GC heap before
{Heap before GC invocations=40 (full 3):
 PSYoungGen      total 944128K, used 911647K [0x0000000780000000, 0x00000007c0000000, 0x00000007c0000000)
  eden space 843776K, 100% used [0x0000000780000000,0x00000007b3800000,0x00000007b3800000)
  from space 100352K, 67% used [0x00000007b9e00000,0x00000007be047e40,0x00000007c0000000)
  to   space 102400K, 0% used [0x00000007b3800000,0x00000007b3800000,0x00000007b9c00000)
 ParOldGen       total 2097152K, used 162868K [0x0000000700000000, 0x0000000780000000, 0x0000000780000000)
  object space 2097152K, 7% used [0x0000000700000000,0x0000000709f0d1c8,0x0000000780000000)
 Metaspace       used 60015K, capacity 65660K, committed 65792K, reserved 1105920K
  class space    used 8553K, capacity 9887K, committed 9984K, reserved 1048576K
Event: 169.354 GC heap after
Heap after GC invocations=40 (full 3):
 PSYoungGen      total 912896K, used 68863K [0x0000000780000000, 0x00000007c0000000, 0x00000007c0000000)
  eden space 843776K, 0% used [0x0000000780000000,0x0000000780000000,0x00000007b3800000)
  from space 69120K, 99% used [0x00000007b3800000,0x00000007b7b3fe18,0x00000007b7b80000)
  to   space 104448K, 0% used [0x00000007b9a00000,0x00000007b9a00000,0x00000007c0000000)
 ParOldGen       total 2097152K, used 162876K [0x0000000700000000, 0x0000000780000000, 0x0000000780000000)
  object space 2097152K, 7% used [0x0000000700000000,0x0000000709f0f1c8,0x0000000780000000)
 Metaspace       used 60015K, capacity 65660K, committed 65792K, reserved 1105920K
  class space    used 8553K, capacity 9887K, committed 9984K, reserved 1048576K
}
Event: 177.232 GC heap before
{Heap before GC invocations=41 (full 3):
 PSYoungGen      total 912896K, used 912639K [0x0000000780000000, 0x00000007c0000000, 0x00000007c0000000)
  eden space 843776K, 100% used [0x0000000780000000,0x00000007b3800000,0x00000007b3800000)
  from space 69120K, 99% used [0x00000007b3800000,0x00000007b7b3fe18,0x00000007b7b80000)
  to   space 104448K, 0% used [0x00000007b9a00000,0x00000007b9a00000,0x00000007c0000000)
 ParOldGen       total 2097152K, used 162876K [0x0000000700000000, 0x0000000780000000, 0x0000000780000000)
  object space 2097152K, 7% used [0x0000000700000000,0x0000000709f0f1c8,0x0000000780000000)
 Metaspace       used 60042K, capacity 65664K, committed 65792K, reserved 1105920K
  class space    used 8554K, capacity 9887K, committed 9984K, reserved 1048576K
Event: 177.265 GC heap after
Heap after GC invocations=41 (full 3):
 PSYoungGen      total 942080K, used 69151K [0x0000000780000000, 0x00000007c0000000, 0x00000007c0000000)
  eden space 837632K, 0% used [0x0000000780000000,0x0000000780000000,0x00000007b3200000)
  from space 104448K, 66% used [0x00000007b9a00000,0x00000007bdd87e70,0x00000007c0000000)
  to   space 105472K, 0% used [0x00000007b3200000,0x00000007b3200000,0x00000007b9900000)
 ParOldGen       total 2097152K, used 162876K [0x0000000700000000, 0x0000000780000000, 0x0000000780000000)
  object space 2097152K, 7% used [0x0000000700000000,0x0000000709f0f1c8,0x0000000780000000)
 Metaspace       used 60042K, capacity 65664K, committed 65792K, reserved 1105920K
  class space    used 8554K, capacity 9887K, committed 9984K, reserved 1048576K
}
Event: 184.978 GC heap before
{Heap before GC invocations=42 (full 3):
 PSYoungGen      total 942080K, used 906783K [0x0000000780000000, 0x00000007c0000000, 0x00000007c0000000)
  eden space 837632K, 100% used [0x0000000780000000,0x00000007b3200000,0x00000007b3200000)
  from space 104448K, 66% used [0x00000007b9a00000,0x00000007bdd87e70,0x00000007c0000000)
  to   space 105472K, 0% used [0x00000007b3200000,0x00000007b3200000,0x00000007b9900000)
 ParOldGen       total 2097152K, used 162876K [0x0000000700000000, 0x0000000780000000, 0x0000000780000000)
  object space 2097152K, 7% used [0x0000000700000000,0x0000000709f0f1c8,0x0000000780000000)
 Metaspace       used 60084K, capacity 65672K, committed 65792K, reserved 1105920K
  class space    used 8558K, capacity 9887K, committed 9984K, reserved 1048576K
Event: 185.011 GC heap after
Heap after GC invocations=42 (full 3):
 PSYoungGen      total 907776K, used 69951K [0x0000000780000000, 0x00000007c0000000, 0x00000007c0000000)
  eden space 837632K, 0% used [0x0000000780000000,0x0000000780000000,0x00000007b3200000)
  from space 70144K, 99% used [0x00000007b3200000,0x00000007b764fe48,0x00000007b7680000)
  to   space 106496K, 0% used [0x00000007b9800000,0x00000007b9800000,0x00000007c0000000)
 ParOldGen       total 2097152K, used 162876K [0x0000000700000000, 0x0000000780000000, 0x0000000780000000)
  object space 2097152K, 7% used [0x0000000700000000,0x0000000709f0f1c8,0x0000000780000000)
 Metaspace       used 60084K, capacity 65672K, committed 65792K, reserved 1105920K
  class space    used 8558K, capacity 9887K, committed 9984K, reserved 1048576K
}
Event: 192.771 GC heap before
{Heap before GC invocations=43 (full 3):
 PSYoungGen      total 907776K, used 907583K [0x0000000780000000, 0x00000007c0000000, 0x00000007c0000000)
  eden space 837632K, 100% used [0x0000000780000000,0x00000007b3200000,0x00000007b3200000)
  from space 70144K, 99% used [0x00000007b3200000,0x00000007b764fe48,0x00000007b7680000)
  to   space 106496K, 0% used [0x00000007b9800000,0x00000007b9800000,0x00000007c0000000)
 ParOldGen       total 2097152K, used 162876K [0x0000000700000000, 0x0000000780000000, 0x0000000780000000)
  object space 2097152K, 7% used [0x0000000700000000,0x0000000709f0f1c8,0x0000000780000000)
 Metaspace       used 60158K, capacity 65826K, committed 66048K, reserved 1105920K
  class space    used 8565K, capacity 9892K, committed 9984K, reserved 1048576K
Event: 192.805 GC heap after
Heap after GC invocations=43 (full 3):
 PSYoungGen      total 941056K, used 70178K [0x0000000780000000, 0x00000007c0000000, 0x00000007c0000000)
  eden space 834560K, 0% used [0x0000000780000000,0x0000000780000000,0x00000007b2f00000)
  from space 106496K, 65% used [0x00000007b9800000,0x00000007bdc88958,0x00000007c0000000)
  to   space 107008K, 0% used [0x00000007b2f00000,0x00000007b2f00000,0x00000007b9780000)
 ParOldGen       total 2097152K, used 162884K [0x0000000700000000, 0x0000000780000000, 0x0000000780000000)
  object space 2097152K, 7% used [0x0000000700000000,0x0000000709f111c8,0x0000000780000000)
 Metaspace       used 60158K, capacity 65826K, committed 66048K, reserved 1105920K
  class space    used 8565K, capacity 9892K, committed 9984K, reserved 1048576K
}

